<html>
<head>
<title>TestNG:  ValidatingNavigationTitle</title>
<link href="../testng.css" rel="stylesheet" type="text/css" />
<link href="../my-testng.css" rel="stylesheet" type="text/css" />

<style type="text/css">
.log { display: none;} 
.stack-trace { display: none;} 
</style>
<script type="text/javascript">
<!--
function flip(e) {
  current = e.style.display;
  if (current == 'block') {
    e.style.display = 'none';
    return 0;
  }
  else {
    e.style.display = 'block';
    return 1;
  }
}

function toggleBox(szDivId, elem, msg1, msg2)
{
  var res = -1;  if (document.getElementById) {
    res = flip(document.getElementById(szDivId));
  }
  else if (document.all) {
    // this is the way old msie versions work
    res = flip(document.all[szDivId]);
  }
  if(elem) {
    if(res == 0) elem.innerHTML = msg1; else elem.innerHTML = msg2;
  }

}

function toggleAllBoxes() {
  if (document.getElementsByTagName) {
    d = document.getElementsByTagName('div');
    for (i = 0; i < d.length; i++) {
      if (d[i].className == 'log') {
        flip(d[i]);
      }
    }
  }
}

// -->
</script>

</head>
<body>
<h2 align='center'>ValidatingNavigationTitle</h2><table border='1' align="center">
<tr>
<td>Tests passed/Failed/Skipped:</td><td>1/0/0</td>
</tr><tr>
<td>Started on:</td><td>Mon May 18 14:45:17 PDT 2020</td>
</tr>
<tr><td>Total time:</td><td>12 seconds (12302 ms)</td>
</tr><tr>
<td>Included groups:</td><td></td>
</tr><tr>
<td>Excluded groups:</td><td></td>
</tr>
</table><p/>
<small><i>(Hover the method name to see the test class name)</i></small><p/>
<table width='100%' border='1' class='invocation-failed'>
<tr><td colspan='4' align='center'><b>FAILED TESTS</b></td></tr>
<tr><td><b>Test method</b></td>
<td width="30%"><b>Exception</b></td>
<td width="10%"><b>Time (seconds)</b></td>
<td><b>Instance</b></td>
</tr>
<tr>
<td title='Academy.ValidatetitleTest.BasePageNavigation1()'><b>BasePageNavigation1</b><br>Test class: Academy.ValidatetitleTest</td>
<td><div><pre>java.lang.AssertionError: expected:&lt;FEATURED COURSES&gt; but was:&lt;FEATURED COURSES123&gt;
	at Academy.ValidatetitleTest.BasePageNavigation1(ValidatetitleTest.java:52)
	at java.util.ArrayList.forEach(ArrayList.java:1257)
	at java.util.concurrent.FutureTask.run(FutureTask.java:266)
	at java.util.concurrent.ThreadPoolExecutor.runWorker(ThreadPoolExecutor.java:1149)
	at java.util.concurrent.ThreadPoolExecutor$Worker.run(ThreadPoolExecutor.java:624)
	at java.lang.Thread.run(Thread.java:748)
... Removed 20 stack frames</pre></div><a href='#' onClick='toggleBox("stack-trace436279965", this, "Click to show all stack frames", "Click to hide stack frames")'>Click to show all stack frames</a>
<div class='stack-trace' id='stack-trace436279965'><pre>java.lang.AssertionError: expected:&lt;FEATURED COURSES&gt; but was:&lt;FEATURED COURSES123&gt;
	at org.testng.AssertJUnit.assertEquals(AssertJUnit.java:82)
	at org.testng.AssertJUnit.assertEquals(AssertJUnit.java:87)
	at Academy.ValidatetitleTest.BasePageNavigation1(ValidatetitleTest.java:52)
	at sun.reflect.NativeMethodAccessorImpl.invoke0(Native Method)
	at sun.reflect.NativeMethodAccessorImpl.invoke(NativeMethodAccessorImpl.java:62)
	at sun.reflect.DelegatingMethodAccessorImpl.invoke(DelegatingMethodAccessorImpl.java:43)
	at java.lang.reflect.Method.invoke(Method.java:498)
	at org.testng.internal.MethodInvocationHelper.invokeMethod(MethodInvocationHelper.java:134)
	at org.testng.internal.TestInvoker.invokeMethod(TestInvoker.java:597)
	at org.testng.internal.TestInvoker.invokeTestMethod(TestInvoker.java:173)
	at org.testng.internal.MethodRunner.runInSequence(MethodRunner.java:46)
	at org.testng.internal.TestInvoker$MethodInvocationAgent.invoke(TestInvoker.java:816)
	at org.testng.internal.TestInvoker.invokeTestMethods(TestInvoker.java:146)
	at org.testng.internal.TestMethodWorker.invokeTestMethods(TestMethodWorker.java:146)
	at org.testng.internal.TestMethodWorker.run(TestMethodWorker.java:128)
	at java.util.ArrayList.forEach(ArrayList.java:1257)
	at org.testng.TestRunner.privateRun(TestRunner.java:766)
	at org.testng.TestRunner.run(TestRunner.java:587)
	at org.testng.SuiteRunner.runTest(SuiteRunner.java:384)
	at org.testng.SuiteRunner.access$000(SuiteRunner.java:28)
	at org.testng.SuiteRunner$SuiteWorker.run(SuiteRunner.java:425)
	at org.testng.internal.thread.ThreadUtil.lambda$execute$0(ThreadUtil.java:68)
	at java.util.concurrent.FutureTask.run(FutureTask.java:266)
	at java.util.concurrent.ThreadPoolExecutor.runWorker(ThreadPoolExecutor.java:1149)
	at java.util.concurrent.ThreadPoolExecutor$Worker.run(ThreadPoolExecutor.java:624)
	at java.lang.Thread.run(Thread.java:748)
</pre></div></td>
<td>2</td>
<td>Academy.ValidatetitleTest@6283d8b8</td></tr>
</table><p>
<table width='100%' border='1' class='invocation-passed'>
<tr><td colspan='4' align='center'><b>PASSED TESTS</b></td></tr>
<tr><td><b>Test method</b></td>
<td width="30%"><b>Exception</b></td>
<td width="10%"><b>Time (seconds)</b></td>
<td><b>Instance</b></td>
</tr>
<tr>
<td title='Academy.Validatetitle_Test.BasePageNavigation2()'><b>BasePageNavigation2</b><br>Test class: Academy.Validatetitle_Test</td>
<td></td>
<td>7</td>
<td>Academy.Validatetitle_Test@56cdfb3b</td></tr>
<tr>
<td title='Academy.ApplicationTest.HomePage()'><b>HomePage</b><br>Test class: Academy.ApplicationTest</td>
<td></td>
<td>12</td>
<td>Academy.ApplicationTest@581ac8a8</td></tr>
<tr>
<td title='Academy.ApplicationTest.LoginPage()'><b>LoginPage</b><br>Test class: Academy.ApplicationTest<br>Parameters: gaganmann3334@ymail.com, chahal1988</td>
<td></td>
<td>5</td>
<td>Academy.ApplicationTest@581ac8a8</td></tr>
<tr>
<td title='Academy.ApplicationTest.LoginPage()'><b>LoginPage</b><br>Test class: Academy.ApplicationTest<br>Parameters: gaganmann333444@ymail.com, Chahal@1988</td>
<td></td>
<td>2</td>
<td>Academy.ApplicationTest@581ac8a8</td></tr>
<tr>
<td title='Academy.ValidatetitleTest.ValidateText()'><b>ValidateText</b><br>Test class: Academy.ValidatetitleTest</td>
<td></td>
<td>8</td>
<td>Academy.ValidatetitleTest@6283d8b8</td></tr>
<tr>
<td title='Academy.ApplicationTest.clickonForgotPassword()'><b>clickonForgotPassword</b><br>Test class: Academy.ApplicationTest</td>
<td></td>
<td>3</td>
<td>Academy.ApplicationTest@581ac8a8</td></tr>
</table><p>
</body>
</html>