<?xml version="1.0" encoding="UTF-8"?>
<!-- Generated by org.testng.reporters.JUnitReportReporter -->
<testsuite skipped="2" hostname="Gagans-MBP.attlocal.net" name="Academy.ValidatetitleTest" tests="3" failures="0" timestamp="2020-06-01T09:18:31 PDT" time="3.890" errors="1">
  <testcase name="BasePageNavigation1" time="0.000" classname="Academy.ValidatetitleTest">
    <skipped/>
  </testcase> <!-- BasePageNavigation1 -->
  <system-out/>
  <testcase name="initialize" time="3.890" classname="Academy.ValidatetitleTest">
    <error type="org.openqa.selenium.SessionNotCreatedException" message="session not created: This version of ChromeDriver only supports Chrome version 80
Build info: version: &#039;3.141.59&#039;, revision: &#039;e82be7d358&#039;, time: &#039;2018-11-14T08:17:03&#039;
System info: host: &#039;Gagans-MBP.attlocal.net&#039;, ip: &#039;192.168.1.89&#039;, os.name: &#039;Mac OS X&#039;, os.arch: &#039;x86_64&#039;, os.version: &#039;10.13.6&#039;, java.version: &#039;1.8.0_241&#039;
Driver info: driver.version: ChromeDriver
remote stacktrace: 0   chromedriver                        0x000000010c315329 chromedriver + 3838761
1   chromedriver                        0x000000010c2af123 chromedriver + 3420451
2   chromedriver                        0x000000010c02362f chromedriver + 751151
3   chromedriver                        0x000000010bf84fa6 chromedriver + 102310
4   chromedriver                        0x000000010bf80f7f chromedriver + 85887
5   chromedriver                        0x000000010bfb0473 chromedriver + 279667
6   chromedriver                        0x000000010bfad2b3 chromedriver + 266931
7   chromedriver                        0x000000010bf870bd chromedriver + 110781
8   chromedriver                        0x000000010bf88055 chromedriver + 114773
9   chromedriver                        0x000000010c2d6ebf chromedriver + 3583679
10  chromedriver                        0x000000010c2e3e4a chromedriver + 3636810
11  chromedriver                        0x000000010c2e3be7 chromedriver + 3636199
12  chromedriver                        0x000000010c2ba839 chromedriver + 3467321
13  chromedriver                        0x000000010c2e4707 chromedriver + 3639047
14  chromedriver                        0x000000010c2cccc7 chromedriver + 3542215
15  chromedriver                        0x000000010c2fa324 chromedriver + 3728164
16  chromedriver                        0x000000010c31b387 chromedriver + 3863431
17  libsystem_pthread.dylib             0x00007fff5b57f661 _pthread_body + 340
18  libsystem_pthread.dylib             0x00007fff5b57f50d _pthread_body + 0
19  libsystem_pthread.dylib             0x00007fff5b57ebf9 thread_start + 13
">
      <![CDATA[org.openqa.selenium.SessionNotCreatedException: session not created: This version of ChromeDriver only supports Chrome version 80
Build info: version: '3.141.59', revision: 'e82be7d358', time: '2018-11-14T08:17:03'
System info: host: 'Gagans-MBP.attlocal.net', ip: '192.168.1.89', os.name: 'Mac OS X', os.arch: 'x86_64', os.version: '10.13.6', java.version: '1.8.0_241'
Driver info: driver.version: ChromeDriver
remote stacktrace: 0   chromedriver                        0x000000010c315329 chromedriver + 3838761
1   chromedriver                        0x000000010c2af123 chromedriver + 3420451
2   chromedriver                        0x000000010c02362f chromedriver + 751151
3   chromedriver                        0x000000010bf84fa6 chromedriver + 102310
4   chromedriver                        0x000000010bf80f7f chromedriver + 85887
5   chromedriver                        0x000000010bfb0473 chromedriver + 279667
6   chromedriver                        0x000000010bfad2b3 chromedriver + 266931
7   chromedriver                        0x000000010bf870bd chromedriver + 110781
8   chromedriver                        0x000000010bf88055 chromedriver + 114773
9   chromedriver                        0x000000010c2d6ebf chromedriver + 3583679
10  chromedriver                        0x000000010c2e3e4a chromedriver + 3636810
11  chromedriver                        0x000000010c2e3be7 chromedriver + 3636199
12  chromedriver                        0x000000010c2ba839 chromedriver + 3467321
13  chromedriver                        0x000000010c2e4707 chromedriver + 3639047
14  chromedriver                        0x000000010c2cccc7 chromedriver + 3542215
15  chromedriver                        0x000000010c2fa324 chromedriver + 3728164
16  chromedriver                        0x000000010c31b387 chromedriver + 3863431
17  libsystem_pthread.dylib             0x00007fff5b57f661 _pthread_body + 340
18  libsystem_pthread.dylib             0x00007fff5b57f50d _pthread_body + 0
19  libsystem_pthread.dylib             0x00007fff5b57ebf9 thread_start + 13

at sun.reflect.NativeConstructorAccessorImpl.newInstance0(Native Method)
at sun.reflect.NativeConstructorAccessorImpl.newInstance(NativeConstructorAccessorImpl.java:62)
at sun.reflect.DelegatingConstructorAccessorImpl.newInstance(DelegatingConstructorAccessorImpl.java:45)
at java.lang.reflect.Constructor.newInstance(Constructor.java:423)
at org.openqa.selenium.remote.W3CHandshakeResponse.lambda$errorHandler$0(W3CHandshakeResponse.java:62)
at org.openqa.selenium.remote.HandshakeResponse.lambda$getResponseFunction$0(HandshakeResponse.java:30)
at org.openqa.selenium.remote.ProtocolHandshake.lambda$createSession$0(ProtocolHandshake.java:126)
at java.util.stream.ReferencePipeline$3$1.accept(ReferencePipeline.java:193)
at java.util.Spliterators$ArraySpliterator.tryAdvance(Spliterators.java:958)
at java.util.stream.ReferencePipeline.forEachWithCancel(ReferencePipeline.java:126)
at java.util.stream.AbstractPipeline.copyIntoWithCancel(AbstractPipeline.java:499)
at java.util.stream.AbstractPipeline.copyInto(AbstractPipeline.java:486)
at java.util.stream.AbstractPipeline.wrapAndCopyInto(AbstractPipeline.java:472)
at java.util.stream.FindOps$FindOp.evaluateSequential(FindOps.java:152)
at java.util.stream.AbstractPipeline.evaluate(AbstractPipeline.java:234)
at java.util.stream.ReferencePipeline.findFirst(ReferencePipeline.java:464)
at org.openqa.selenium.remote.ProtocolHandshake.createSession(ProtocolHandshake.java:128)
at org.openqa.selenium.remote.ProtocolHandshake.createSession(ProtocolHandshake.java:74)
at org.openqa.selenium.remote.HttpCommandExecutor.execute(HttpCommandExecutor.java:136)
at org.openqa.selenium.remote.service.DriverCommandExecutor.execute(DriverCommandExecutor.java:83)
at org.openqa.selenium.remote.RemoteWebDriver.execute(RemoteWebDriver.java:552)
at org.openqa.selenium.remote.RemoteWebDriver.startSession(RemoteWebDriver.java:213)
at org.openqa.selenium.remote.RemoteWebDriver.<init>(RemoteWebDriver.java:131)
at org.openqa.selenium.chrome.ChromeDriver.<init>(ChromeDriver.java:181)
at org.openqa.selenium.chrome.ChromeDriver.<init>(ChromeDriver.java:168)
at org.openqa.selenium.chrome.ChromeDriver.<init>(ChromeDriver.java:157)
at resouces1.baseClass.initializeDriver(baseClass.java:55)
at Academy.ValidatetitleTest.initialize(ValidatetitleTest.java:37)
at sun.reflect.NativeMethodAccessorImpl.invoke0(Native Method)
at sun.reflect.NativeMethodAccessorImpl.invoke(NativeMethodAccessorImpl.java:62)
at sun.reflect.DelegatingMethodAccessorImpl.invoke(DelegatingMethodAccessorImpl.java:43)
at java.lang.reflect.Method.invoke(Method.java:498)
at org.testng.internal.MethodInvocationHelper.invokeMethod(MethodInvocationHelper.java:135)
at org.testng.internal.MethodInvocationHelper.invokeMethodConsideringTimeout(MethodInvocationHelper.java:64)
at org.testng.internal.ConfigInvoker.invokeConfigurationMethod(ConfigInvoker.java:364)
at org.testng.internal.ConfigInvoker.invokeConfigurations(ConfigInvoker.java:318)
at org.testng.internal.TestMethodWorker.invokeBeforeClassMethods(TestMethodWorker.java:176)
at org.testng.internal.TestMethodWorker.run(TestMethodWorker.java:122)
at java.util.ArrayList.forEach(ArrayList.java:1257)
at org.testng.TestRunner.privateRun(TestRunner.java:767)
at org.testng.TestRunner.run(TestRunner.java:588)
at org.testng.SuiteRunner.runTest(SuiteRunner.java:384)
at org.testng.SuiteRunner.access$000(SuiteRunner.java:28)
at org.testng.SuiteRunner$SuiteWorker.run(SuiteRunner.java:425)
at org.testng.internal.thread.ThreadUtil.lambda$execute$0(ThreadUtil.java:68)
at java.util.concurrent.FutureTask.run(FutureTask.java:266)
at java.util.concurrent.ThreadPoolExecutor.runWorker(ThreadPoolExecutor.java:1149)
at java.util.concurrent.ThreadPoolExecutor$Worker.run(ThreadPoolExecutor.java:624)
at java.lang.Thread.run(Thread.java:748)
]]>
    </error>
  </testcase> <!-- initialize -->
  <system-out/>
  <testcase name="ValidateText" time="0.000" classname="Academy.ValidatetitleTest">
    <skipped/>
  </testcase> <!-- ValidateText -->
  <system-out/>
</testsuite> <!-- Academy.ValidatetitleTest -->
