<?xml version="1.0" encoding="UTF-8"?>
<!-- Generated by org.testng.reporters.JUnitXMLReporter -->
<testsuite hostname="Gagans-MBP.attlocal.net" ignored="0" name="Application" tests="4" failures="0" timestamp="2020-06-01T09:18:30 PDT" time="4.22" errors="0">
  <testcase name="@BeforeClass initialize" time="3.89" classname="Academy.ApplicationTest">
    <failure type="org.openqa.selenium.SessionNotCreatedException" message="session not created: This version of ChromeDriver only supports Chrome version 80
Build info: version: &amp;apos;3.141.59&amp;apos;, revision: &amp;apos;e82be7d358&amp;apos;, time: &amp;apos;2018-11-14T08:17:03&amp;apos;
System info: host: &amp;apos;Gagans-MBP.attlocal.net&amp;apos;, ip: &amp;apos;192.168.1.89&amp;apos;, os.name: &amp;apos;Mac OS X&amp;apos;, os.arch: &amp;apos;x86_64&amp;apos;, os.version: &amp;apos;10.13.6&amp;apos;, java.version: &amp;apos;1.8.0_241&amp;apos;
Driver info: driver.version: ChromeDriver
remote stacktrace: 0   chromedriver                        0x000000010b1b3329 chromedriver + 3838761
1   chromedriver                        0x000000010b14d123 chromedriver + 3420451
2   chromedriver                        0x000000010aec162f chromedriver + 751151
3   chromedriver                        0x000000010ae22fa6 chromedriver + 102310
4   chromedriver                        0x000000010ae1ef7f chromedriver + 85887
5   chromedriver                        0x000000010ae4e473 chromedriver + 279667
6   chromedriver                        0x000000010ae4b2b3 chromedriver + 266931
7   chromedriver                        0x000000010ae250bd chromedriver + 110781
8   chromedriver                        0x000000010ae26055 chromedriver + 114773
9   chromedriver                        0x000000010b174ebf chromedriver + 3583679
10  chromedriver                        0x000000010b181e4a chromedriver + 3636810
11  chromedriver                        0x000000010b181be7 chromedriver + 3636199
12  chromedriver                        0x000000010b158839 chromedriver + 3467321
13  chromedriver                        0x000000010b182707 chromedriver + 3639047
14  chromedriver                        0x000000010b16acc7 chromedriver + 3542215
15  chromedriver                        0x000000010b198324 chromedriver + 3728164
16  chromedriver                        0x000000010b1b9387 chromedriver + 3863431
17  libsystem_pthread.dylib             0x00007fff5b57f661 _pthread_body + 340
18  libsystem_pthread.dylib             0x00007fff5b57f50d _pthread_body + 0
19  libsystem_pthread.dylib             0x00007fff5b57ebf9 thread_start + 13
">
      <![CDATA[org.openqa.selenium.SessionNotCreatedException: session not created: This version of ChromeDriver only supports Chrome version 80
Build info: version: '3.141.59', revision: 'e82be7d358', time: '2018-11-14T08:17:03'
System info: host: 'Gagans-MBP.attlocal.net', ip: '192.168.1.89', os.name: 'Mac OS X', os.arch: 'x86_64', os.version: '10.13.6', java.version: '1.8.0_241'
Driver info: driver.version: ChromeDriver
remote stacktrace: 0   chromedriver                        0x000000010b1b3329 chromedriver + 3838761
1   chromedriver                        0x000000010b14d123 chromedriver + 3420451
2   chromedriver                        0x000000010aec162f chromedriver + 751151
3   chromedriver                        0x000000010ae22fa6 chromedriver + 102310
4   chromedriver                        0x000000010ae1ef7f chromedriver + 85887
5   chromedriver                        0x000000010ae4e473 chromedriver + 279667
6   chromedriver                        0x000000010ae4b2b3 chromedriver + 266931
7   chromedriver                        0x000000010ae250bd chromedriver + 110781
8   chromedriver                        0x000000010ae26055 chromedriver + 114773
9   chromedriver                        0x000000010b174ebf chromedriver + 3583679
10  chromedriver                        0x000000010b181e4a chromedriver + 3636810
11  chromedriver                        0x000000010b181be7 chromedriver + 3636199
12  chromedriver                        0x000000010b158839 chromedriver + 3467321
13  chromedriver                        0x000000010b182707 chromedriver + 3639047
14  chromedriver                        0x000000010b16acc7 chromedriver + 3542215
15  chromedriver                        0x000000010b198324 chromedriver + 3728164
16  chromedriver                        0x000000010b1b9387 chromedriver + 3863431
17  libsystem_pthread.dylib             0x00007fff5b57f661 _pthread_body + 340
18  libsystem_pthread.dylib             0x00007fff5b57f50d _pthread_body + 0
19  libsystem_pthread.dylib             0x00007fff5b57ebf9 thread_start + 13

at org.openqa.selenium.remote.W3CHandshakeResponse.lambda$errorHandler$0(W3CHandshakeResponse.java:62)
at org.openqa.selenium.remote.HandshakeResponse.lambda$getResponseFunction$0(HandshakeResponse.java:30)
at org.openqa.selenium.remote.ProtocolHandshake.lambda$createSession$0(ProtocolHandshake.java:126)
at java.util.stream.ReferencePipeline$3$1.accept(ReferencePipeline.java:193)
at java.util.Spliterators$ArraySpliterator.tryAdvance(Spliterators.java:958)
at java.util.stream.ReferencePipeline.forEachWithCancel(ReferencePipeline.java:126)
at java.util.stream.AbstractPipeline.copyIntoWithCancel(AbstractPipeline.java:499)
at java.util.stream.AbstractPipeline.copyInto(AbstractPipeline.java:486)
at java.util.stream.AbstractPipeline.wrapAndCopyInto(AbstractPipeline.java:472)
at java.util.stream.FindOps$FindOp.evaluateSequential(FindOps.java:152)
at java.util.stream.AbstractPipeline.evaluate(AbstractPipeline.java:234)
at java.util.stream.ReferencePipeline.findFirst(ReferencePipeline.java:464)
at org.openqa.selenium.remote.ProtocolHandshake.createSession(ProtocolHandshake.java:128)
at org.openqa.selenium.remote.ProtocolHandshake.createSession(ProtocolHandshake.java:74)
at org.openqa.selenium.remote.HttpCommandExecutor.execute(HttpCommandExecutor.java:136)
at org.openqa.selenium.remote.service.DriverCommandExecutor.execute(DriverCommandExecutor.java:83)
at org.openqa.selenium.remote.RemoteWebDriver.execute(RemoteWebDriver.java:552)
at org.openqa.selenium.remote.RemoteWebDriver.startSession(RemoteWebDriver.java:213)
at org.openqa.selenium.remote.RemoteWebDriver.<init>(RemoteWebDriver.java:131)
at org.openqa.selenium.chrome.ChromeDriver.<init>(ChromeDriver.java:181)
at org.openqa.selenium.chrome.ChromeDriver.<init>(ChromeDriver.java:168)
at org.openqa.selenium.chrome.ChromeDriver.<init>(ChromeDriver.java:157)
at resouces1.baseClass.initializeDriver(baseClass.java:55)
at Academy.ApplicationTest.initialize(ApplicationTest.java:37)
at java.util.ArrayList.forEach(ArrayList.java:1257)
at java.util.concurrent.FutureTask.run(FutureTask.java:266)
at java.util.concurrent.ThreadPoolExecutor.runWorker(ThreadPoolExecutor.java:1149)
at java.util.concurrent.ThreadPoolExecutor$Worker.run(ThreadPoolExecutor.java:624)
at java.lang.Thread.run(Thread.java:748)
... Removed 20 stack frames]]>
    </failure>
  </testcase> <!-- @BeforeClass initialize -->
  <testcase name="@BeforeClass initialize" time="3.89" classname="Academy.Validatetitle_Test">
    <failure type="org.openqa.selenium.SessionNotCreatedException" message="session not created: This version of ChromeDriver only supports Chrome version 80
Build info: version: &amp;apos;3.141.59&amp;apos;, revision: &amp;apos;e82be7d358&amp;apos;, time: &amp;apos;2018-11-14T08:17:03&amp;apos;
System info: host: &amp;apos;Gagans-MBP.attlocal.net&amp;apos;, ip: &amp;apos;192.168.1.89&amp;apos;, os.name: &amp;apos;Mac OS X&amp;apos;, os.arch: &amp;apos;x86_64&amp;apos;, os.version: &amp;apos;10.13.6&amp;apos;, java.version: &amp;apos;1.8.0_241&amp;apos;
Driver info: driver.version: ChromeDriver
remote stacktrace: 0   chromedriver                        0x00000001044da329 chromedriver + 3838761
1   chromedriver                        0x0000000104474123 chromedriver + 3420451
2   chromedriver                        0x00000001041e862f chromedriver + 751151
3   chromedriver                        0x0000000104149fa6 chromedriver + 102310
4   chromedriver                        0x0000000104145f7f chromedriver + 85887
5   chromedriver                        0x0000000104175473 chromedriver + 279667
6   chromedriver                        0x00000001041722b3 chromedriver + 266931
7   chromedriver                        0x000000010414c0bd chromedriver + 110781
8   chromedriver                        0x000000010414d055 chromedriver + 114773
9   chromedriver                        0x000000010449bebf chromedriver + 3583679
10  chromedriver                        0x00000001044a8e4a chromedriver + 3636810
11  chromedriver                        0x00000001044a8be7 chromedriver + 3636199
12  chromedriver                        0x000000010447f839 chromedriver + 3467321
13  chromedriver                        0x00000001044a9707 chromedriver + 3639047
14  chromedriver                        0x0000000104491cc7 chromedriver + 3542215
15  chromedriver                        0x00000001044bf324 chromedriver + 3728164
16  chromedriver                        0x00000001044e0387 chromedriver + 3863431
17  libsystem_pthread.dylib             0x00007fff5b57f661 _pthread_body + 340
18  libsystem_pthread.dylib             0x00007fff5b57f50d _pthread_body + 0
19  libsystem_pthread.dylib             0x00007fff5b57ebf9 thread_start + 13
">
      <![CDATA[org.openqa.selenium.SessionNotCreatedException: session not created: This version of ChromeDriver only supports Chrome version 80
Build info: version: '3.141.59', revision: 'e82be7d358', time: '2018-11-14T08:17:03'
System info: host: 'Gagans-MBP.attlocal.net', ip: '192.168.1.89', os.name: 'Mac OS X', os.arch: 'x86_64', os.version: '10.13.6', java.version: '1.8.0_241'
Driver info: driver.version: ChromeDriver
remote stacktrace: 0   chromedriver                        0x00000001044da329 chromedriver + 3838761
1   chromedriver                        0x0000000104474123 chromedriver + 3420451
2   chromedriver                        0x00000001041e862f chromedriver + 751151
3   chromedriver                        0x0000000104149fa6 chromedriver + 102310
4   chromedriver                        0x0000000104145f7f chromedriver + 85887
5   chromedriver                        0x0000000104175473 chromedriver + 279667
6   chromedriver                        0x00000001041722b3 chromedriver + 266931
7   chromedriver                        0x000000010414c0bd chromedriver + 110781
8   chromedriver                        0x000000010414d055 chromedriver + 114773
9   chromedriver                        0x000000010449bebf chromedriver + 3583679
10  chromedriver                        0x00000001044a8e4a chromedriver + 3636810
11  chromedriver                        0x00000001044a8be7 chromedriver + 3636199
12  chromedriver                        0x000000010447f839 chromedriver + 3467321
13  chromedriver                        0x00000001044a9707 chromedriver + 3639047
14  chromedriver                        0x0000000104491cc7 chromedriver + 3542215
15  chromedriver                        0x00000001044bf324 chromedriver + 3728164
16  chromedriver                        0x00000001044e0387 chromedriver + 3863431
17  libsystem_pthread.dylib             0x00007fff5b57f661 _pthread_body + 340
18  libsystem_pthread.dylib             0x00007fff5b57f50d _pthread_body + 0
19  libsystem_pthread.dylib             0x00007fff5b57ebf9 thread_start + 13

at org.openqa.selenium.remote.W3CHandshakeResponse.lambda$errorHandler$0(W3CHandshakeResponse.java:62)
at org.openqa.selenium.remote.HandshakeResponse.lambda$getResponseFunction$0(HandshakeResponse.java:30)
at org.openqa.selenium.remote.ProtocolHandshake.lambda$createSession$0(ProtocolHandshake.java:126)
at java.util.stream.ReferencePipeline$3$1.accept(ReferencePipeline.java:193)
at java.util.Spliterators$ArraySpliterator.tryAdvance(Spliterators.java:958)
at java.util.stream.ReferencePipeline.forEachWithCancel(ReferencePipeline.java:126)
at java.util.stream.AbstractPipeline.copyIntoWithCancel(AbstractPipeline.java:499)
at java.util.stream.AbstractPipeline.copyInto(AbstractPipeline.java:486)
at java.util.stream.AbstractPipeline.wrapAndCopyInto(AbstractPipeline.java:472)
at java.util.stream.FindOps$FindOp.evaluateSequential(FindOps.java:152)
at java.util.stream.AbstractPipeline.evaluate(AbstractPipeline.java:234)
at java.util.stream.ReferencePipeline.findFirst(ReferencePipeline.java:464)
at org.openqa.selenium.remote.ProtocolHandshake.createSession(ProtocolHandshake.java:128)
at org.openqa.selenium.remote.ProtocolHandshake.createSession(ProtocolHandshake.java:74)
at org.openqa.selenium.remote.HttpCommandExecutor.execute(HttpCommandExecutor.java:136)
at org.openqa.selenium.remote.service.DriverCommandExecutor.execute(DriverCommandExecutor.java:83)
at org.openqa.selenium.remote.RemoteWebDriver.execute(RemoteWebDriver.java:552)
at org.openqa.selenium.remote.RemoteWebDriver.startSession(RemoteWebDriver.java:213)
at org.openqa.selenium.remote.RemoteWebDriver.<init>(RemoteWebDriver.java:131)
at org.openqa.selenium.chrome.ChromeDriver.<init>(ChromeDriver.java:181)
at org.openqa.selenium.chrome.ChromeDriver.<init>(ChromeDriver.java:168)
at org.openqa.selenium.chrome.ChromeDriver.<init>(ChromeDriver.java:157)
at resouces1.baseClass.initializeDriver(baseClass.java:55)
at Academy.Validatetitle_Test.initialize(Validatetitle_Test.java:40)
at java.util.ArrayList.forEach(ArrayList.java:1257)
at java.util.concurrent.FutureTask.run(FutureTask.java:266)
at java.util.concurrent.ThreadPoolExecutor.runWorker(ThreadPoolExecutor.java:1149)
at java.util.concurrent.ThreadPoolExecutor$Worker.run(ThreadPoolExecutor.java:624)
at java.lang.Thread.run(Thread.java:748)
... Removed 20 stack frames]]>
    </failure>
  </testcase> <!-- @BeforeClass initialize -->
  <testcase name="@AfterClass closeBrowser" time="-1.591028310125E9" classname="Academy.Validatetitle_Test">
    <skipped/>
  </testcase> <!-- @AfterClass closeBrowser -->
  <testcase name="@AfterClass closeBrowser" time="-1.591028310144E9" classname="Academy.ApplicationTest">
    <skipped/>
  </testcase> <!-- @AfterClass closeBrowser -->
  <testcase name="@AfterTest EndTest" time="-1.591028310134E9" classname="Academy.Validatetitle_Test">
    <skipped/>
  </testcase> <!-- @AfterTest EndTest -->
  <testcase name="@AfterTest EndingPoint" time="-1.59102831024E9" classname="Academy.ApplicationTest">
    <skipped/>
  </testcase> <!-- @AfterTest EndingPoint -->
  <testcase name="HomePage" time="0.0" classname="Academy.ApplicationTest">
    <skipped/>
  </testcase> <!-- HomePage -->
  <testcase name="LoginPage" time="0.0" classname="Academy.ApplicationTest">
    <skipped/>
  </testcase> <!-- LoginPage -->
  <testcase name="LoginPage" time="0.0" classname="Academy.ApplicationTest">
    <skipped/>
  </testcase> <!-- LoginPage -->
  <testcase name="clickonForgotPassword" time="0.0" classname="Academy.ApplicationTest">
    <skipped/>
  </testcase> <!-- clickonForgotPassword -->
</testsuite> <!-- Application -->
