<?xml version="1.0" encoding="UTF-8"?>
<testng-results skipped="0" failed="1" ignored="0" total="7" passed="6">
  <reporter-output>
  </reporter-output>
  <suite name="QAclickAcademy" duration-ms="28802" started-at="2020-05-18T14:45:17 PDT" finished-at="2020-05-18T14:45:46 PDT">
    <groups>
    </groups>
    <test name="ValidatingNavigationTitle" duration-ms="12302" started-at="2020-05-18T14:45:17 PDT" finished-at="2020-05-18T14:45:29 PDT">
      <class name="Academy.Validatetitle_Test">
        <test-method status="PASS" signature="StartTest()[pri:0, instance:Academy.Validatetitle_Test@56cdfb3b]" name="StartTest" is-config="true" duration-ms="35" started-at="2020-05-18T14:45:17 PDT" finished-at="2020-05-18T14:45:17 PDT">
          <reporter-output>
          </reporter-output>
        </test-method> <!-- StartTest -->
        <test-method status="PASS" signature="initialize()[pri:0, instance:Academy.Validatetitle_Test@56cdfb3b]" name="initialize" is-config="true" duration-ms="4212" started-at="2020-05-18T14:45:17 PDT" finished-at="2020-05-18T14:45:21 PDT">
          <reporter-output>
          </reporter-output>
        </test-method> <!-- initialize -->
        <test-method status="PASS" signature="BasePageNavigation2()[pri:0, instance:Academy.Validatetitle_Test@56cdfb3b]" name="BasePageNavigation2" duration-ms="7783" started-at="2020-05-18T14:45:21 PDT" finished-at="2020-05-18T14:45:29 PDT">
          <reporter-output>
          </reporter-output>
        </test-method> <!-- BasePageNavigation2 -->
        <test-method status="PASS" signature="closeBrowser()[pri:0, instance:Academy.Validatetitle_Test@56cdfb3b]" name="closeBrowser" is-config="true" duration-ms="229" started-at="2020-05-18T14:45:29 PDT" finished-at="2020-05-18T14:45:29 PDT">
          <reporter-output>
          </reporter-output>
        </test-method> <!-- closeBrowser -->
        <test-method status="PASS" signature="EndTest()[pri:0, instance:Academy.Validatetitle_Test@56cdfb3b]" name="EndTest" is-config="true" duration-ms="1" started-at="2020-05-18T14:45:29 PDT" finished-at="2020-05-18T14:45:29 PDT">
          <reporter-output>
          </reporter-output>
        </test-method> <!-- EndTest -->
      </class> <!-- Academy.Validatetitle_Test -->
    </test> <!-- ValidatingNavigationTitle -->
    <test name="ValidatingTitle" duration-ms="15572" started-at="2020-05-18T14:45:17 PDT" finished-at="2020-05-18T14:45:32 PDT">
      <class name="Academy.ValidatetitleTest">
        <test-method status="PASS" signature="StartingTest()[pri:0, instance:Academy.ValidatetitleTest@6283d8b8]" name="StartingTest" is-config="true" duration-ms="35" started-at="2020-05-18T14:45:17 PDT" finished-at="2020-05-18T14:45:17 PDT">
          <reporter-output>
          </reporter-output>
        </test-method> <!-- StartingTest -->
        <test-method status="PASS" signature="initialize()[pri:0, instance:Academy.ValidatetitleTest@6283d8b8]" name="initialize" is-config="true" duration-ms="4180" started-at="2020-05-18T14:45:17 PDT" finished-at="2020-05-18T14:45:21 PDT">
          <reporter-output>
          </reporter-output>
        </test-method> <!-- initialize -->
        <test-method status="PASS" signature="ValidateText()[pri:0, instance:Academy.ValidatetitleTest@6283d8b8]" name="ValidateText" duration-ms="8096" started-at="2020-05-18T14:45:21 PDT" finished-at="2020-05-18T14:45:29 PDT">
          <reporter-output>
          </reporter-output>
        </test-method> <!-- ValidateText -->
        <test-method status="FAIL" signature="BasePageNavigation1()[pri:0, instance:Academy.ValidatetitleTest@6283d8b8]" name="BasePageNavigation1" duration-ms="2403" started-at="2020-05-18T14:45:29 PDT" depends-on-methods="Academy.ValidatetitleTest.ValidateText" finished-at="2020-05-18T14:45:31 PDT">
          <exception class="java.lang.AssertionError">
            <message>
              <![CDATA[expected:<FEATURED COURSES> but was:<FEATURED COURSES123>]]>
            </message>
            <full-stacktrace>
              <![CDATA[java.lang.AssertionError: expected:<FEATURED COURSES> but was:<FEATURED COURSES123>
at org.testng.AssertJUnit.assertEquals(AssertJUnit.java:82)
at org.testng.AssertJUnit.assertEquals(AssertJUnit.java:87)
at Academy.ValidatetitleTest.BasePageNavigation1(ValidatetitleTest.java:52)
at sun.reflect.NativeMethodAccessorImpl.invoke0(Native Method)
at sun.reflect.NativeMethodAccessorImpl.invoke(NativeMethodAccessorImpl.java:62)
at sun.reflect.DelegatingMethodAccessorImpl.invoke(DelegatingMethodAccessorImpl.java:43)
at java.lang.reflect.Method.invoke(Method.java:498)
at org.testng.internal.MethodInvocationHelper.invokeMethod(MethodInvocationHelper.java:134)
at org.testng.internal.TestInvoker.invokeMethod(TestInvoker.java:597)
at org.testng.internal.TestInvoker.invokeTestMethod(TestInvoker.java:173)
at org.testng.internal.MethodRunner.runInSequence(MethodRunner.java:46)
at org.testng.internal.TestInvoker$MethodInvocationAgent.invoke(TestInvoker.java:816)
at org.testng.internal.TestInvoker.invokeTestMethods(TestInvoker.java:146)
at org.testng.internal.TestMethodWorker.invokeTestMethods(TestMethodWorker.java:146)
at org.testng.internal.TestMethodWorker.run(TestMethodWorker.java:128)
at java.util.ArrayList.forEach(ArrayList.java:1257)
at org.testng.TestRunner.privateRun(TestRunner.java:766)
at org.testng.TestRunner.run(TestRunner.java:587)
at org.testng.SuiteRunner.runTest(SuiteRunner.java:384)
at org.testng.SuiteRunner.access$000(SuiteRunner.java:28)
at org.testng.SuiteRunner$SuiteWorker.run(SuiteRunner.java:425)
at org.testng.internal.thread.ThreadUtil.lambda$execute$0(ThreadUtil.java:68)
at java.util.concurrent.FutureTask.run(FutureTask.java:266)
at java.util.concurrent.ThreadPoolExecutor.runWorker(ThreadPoolExecutor.java:1149)
at java.util.concurrent.ThreadPoolExecutor$Worker.run(ThreadPoolExecutor.java:624)
at java.lang.Thread.run(Thread.java:748)
]]>
            </full-stacktrace>
          </exception> <!-- java.lang.AssertionError -->
          <reporter-output>
          </reporter-output>
        </test-method> <!-- BasePageNavigation1 -->
        <test-method status="PASS" signature="closeBrowser()[pri:0, instance:Academy.ValidatetitleTest@6283d8b8]" name="closeBrowser" is-config="true" duration-ms="151" started-at="2020-05-18T14:45:32 PDT" finished-at="2020-05-18T14:45:32 PDT">
          <reporter-output>
          </reporter-output>
        </test-method> <!-- closeBrowser -->
        <test-method status="PASS" signature="EndingTest()[pri:0, instance:Academy.ValidatetitleTest@6283d8b8]" name="EndingTest" is-config="true" duration-ms="10" started-at="2020-05-18T14:45:32 PDT" finished-at="2020-05-18T14:45:32 PDT">
          <reporter-output>
          </reporter-output>
        </test-method> <!-- EndingTest -->
      </class> <!-- Academy.ValidatetitleTest -->
    </test> <!-- ValidatingTitle -->
    <test name="Application" duration-ms="28802" started-at="2020-05-18T14:45:17 PDT" finished-at="2020-05-18T14:45:46 PDT">
      <class name="Academy.ApplicationTest">
        <test-method status="PASS" signature="StartingPoint()[pri:0, instance:Academy.ApplicationTest@581ac8a8]" name="StartingPoint" is-config="true" duration-ms="35" started-at="2020-05-18T14:45:17 PDT" finished-at="2020-05-18T14:45:17 PDT">
          <reporter-output>
          </reporter-output>
        </test-method> <!-- StartingPoint -->
        <test-method status="PASS" signature="initialize()[pri:0, instance:Academy.ApplicationTest@581ac8a8]" name="initialize" is-config="true" duration-ms="4178" started-at="2020-05-18T14:45:17 PDT" finished-at="2020-05-18T14:45:21 PDT">
          <reporter-output>
          </reporter-output>
        </test-method> <!-- initialize -->
        <test-method status="PASS" signature="HomePage()[pri:0, instance:Academy.ApplicationTest@581ac8a8]" name="HomePage" duration-ms="12678" started-at="2020-05-18T14:45:21 PDT" finished-at="2020-05-18T14:45:34 PDT">
          <reporter-output>
          </reporter-output>
        </test-method> <!-- HomePage -->
        <test-method status="PASS" signature="LoginPage(java.lang.String, java.lang.String)[pri:0, instance:Academy.ApplicationTest@581ac8a8]" name="LoginPage" duration-ms="5645" started-at="2020-05-18T14:45:34 PDT" data-provider="getData1" finished-at="2020-05-18T14:45:39 PDT">
          <params>
            <param index="0">
              <value>
                <![CDATA[gaganmann3334@ymail.com]]>
              </value>
            </param>
            <param index="1">
              <value>
                <![CDATA[chahal1988]]>
              </value>
            </param>
          </params>
          <reporter-output>
          </reporter-output>
        </test-method> <!-- LoginPage -->
        <test-method status="PASS" signature="LoginPage(java.lang.String, java.lang.String)[pri:0, instance:Academy.ApplicationTest@581ac8a8]" name="LoginPage" duration-ms="2866" started-at="2020-05-18T14:45:39 PDT" data-provider="getData1" finished-at="2020-05-18T14:45:42 PDT">
          <params>
            <param index="0">
              <value>
                <![CDATA[gaganmann333444@ymail.com]]>
              </value>
            </param>
            <param index="1">
              <value>
                <![CDATA[Chahal@1988]]>
              </value>
            </param>
          </params>
          <reporter-output>
          </reporter-output>
        </test-method> <!-- LoginPage -->
        <test-method status="PASS" signature="clickonForgotPassword()[pri:0, instance:Academy.ApplicationTest@581ac8a8]" name="clickonForgotPassword" duration-ms="3087" started-at="2020-05-18T14:45:42 PDT" finished-at="2020-05-18T14:45:45 PDT">
          <reporter-output>
          </reporter-output>
        </test-method> <!-- clickonForgotPassword -->
        <test-method status="PASS" signature="closeBrowser()[pri:0, instance:Academy.ApplicationTest@581ac8a8]" name="closeBrowser" is-config="true" duration-ms="145" started-at="2020-05-18T14:45:45 PDT" finished-at="2020-05-18T14:45:46 PDT">
          <reporter-output>
          </reporter-output>
        </test-method> <!-- closeBrowser -->
        <test-method status="PASS" signature="EndingPoint()[pri:0, instance:Academy.ApplicationTest@581ac8a8]" name="EndingPoint" is-config="true" duration-ms="1" started-at="2020-05-18T14:45:46 PDT" finished-at="2020-05-18T14:45:46 PDT">
          <reporter-output>
          </reporter-output>
        </test-method> <!-- EndingPoint -->
      </class> <!-- Academy.ApplicationTest -->
    </test> <!-- Application -->
  </suite> <!-- QAclickAcademy -->
</testng-results>
